{"uid":"b8beb2b1494ec368","name":"CreateYesOrNoHabit","fullName":"MobileTests:MobileTests.Tests.CreateYesOrNoHabit()","historyId":"c8b12238b6dac58361ec5ba4a8d287e8","time":{"start":1761584834425,"stop":1761584834940,"duration":515},"status":"broken","statusMessage":"Multiple failures or warnings in test:\n  1) SetUp : System.Reflection.TargetInvocationException : Exception has been thrown by the target of an invocation.\n  ----> OpenQA.Selenium.WebDriverException : The newSession command returned an unexpected error. Authorization required\n  --SetUp\n   at System.Reflection.MethodBaseInvoker.InvokeWithManyArgs(Object obj, BindingFlags invokeAttr, Binder binder, Object[] parameters, CultureInfo culture)\n   at Allure.Net.Commons.Steps.AllureStepAspectBase.Around(String name, Object[] args, Func`2 target, MethodBase metadata, Type returnType)\n   at MobileTests.Tests.__a$_around_Setup_100663299_w_0(Object[])\n   at MobileTests.Tests.Setup()\n   at System.RuntimeMethodHandle.InvokeMethod(Object target, Void** arguments, Signature sig, Boolean isConstructor)\n   at System.Reflection.MethodBaseInvoker.InvokeWithNoArgs(Object obj, BindingFlags invokeAttr)\n--WebDriverException\n   at OpenQA.Selenium.WebDriver.UnpackAndThrowOnError(Response errorResponse, String commandToExecute)\n   at OpenQA.Selenium.WebDriver.ExecuteAsync(String driverCommandToExecute, Dictionary`2 parameters)\n   at OpenQA.Selenium.WebDriver.Execute(String driverCommandToExecute, Dictionary`2 parameters)\n   at OpenQA.Selenium.Appium.AppiumDriver.Execute(String driverCommandToExecute, Dictionary`2 parameters)\n   at OpenQA.Selenium.WebDriver.StartSession(ICapabilities capabilities)\n   at OpenQA.Selenium.WebDriver..ctor(ICommandExecutor executor, ICapabilities capabilities)\n   at OpenQA.Selenium.Appium.AppiumDriver..ctor(ICommandExecutor commandExecutor, ICapabilities appiumOptions)\n   at OpenQA.Selenium.Appium.AppiumDriver..ctor(Uri remoteAddress, ICapabilities appiumOptions, TimeSpan commandTimeout, AppiumClientConfig clientConfig)\n   at OpenQA.Selenium.Appium.AppiumDriver..ctor(Uri remoteAddress, ICapabilities appiumOptions, TimeSpan commandTimeout)\n   at OpenQA.Selenium.Appium.AppiumDriver..ctor(Uri remoteAddress, ICapabilities appiumOptions)\n   at OpenQA.Selenium.Appium.Android.AndroidDriver..ctor(Uri remoteAddress, DriverOptions driverOptions)\n   at Helpers.Drivers.Mobile.BrowserstackDriverBuilder.GetDriver() in /home/runner/work/gui-automation-csharp/gui-automation-csharp/Helpers/Drivers/Mobile/BrowserstackDriverBuilder.cs:line 14\n   at Helpers.Drivers.Mobile.MobileDriverManager..ctor() in /home/runner/work/gui-automation-csharp/gui-automation-csharp/Helpers/Drivers/Mobile/MobileDriverManager.cs:line 21\n   at MobileTests.Tests.__a$_around_Setup_100663299_o() in /home/runner/work/gui-automation-csharp/gui-automation-csharp/MobileTests/CreateHabit.cs:line 20\n   at MobileTests.Tests.__a$_around_Setup_100663299_u(Object[])\n   at Allure.Net.Commons.Steps.AllureAbstractStepAspect.WrapSyncVoid(Func`2 target, Object[] args, MethodBase metadata, Lazy`1 stepName, Lazy`1 stepParameters)\n   at System.RuntimeMethodHandle.InvokeMethod(Object target, Void** arguments, Signature sig, Boolean isConstructor)\n   at System.Reflection.MethodBaseInvoker.InvokeWithManyArgs(Object obj, BindingFlags invokeAttr, Binder binder, Object[] parameters, CultureInfo culture)\n  2) TearDown : System.Reflection.TargetInvocationException : Exception has been thrown by the target of an invocation.\n  ----> System.NullReferenceException : Object reference not set to an instance of an object.\n  --TearDown\n   at System.Reflection.MethodBaseInvoker.InvokeWithManyArgs(Object obj, BindingFlags invokeAttr, Binder binder, Object[] parameters, CultureInfo culture)\n   at Allure.Net.Commons.Steps.AllureStepAspectBase.Around(String name, Object[] args, Func`2 target, MethodBase metadata, Type returnType)\n   at MobileTests.Tests.__a$_around_TearDown_100663302_w_1(Object[])\n   at Allure.NUnit.Internals.StopContainerAspect.StopTestContainerAfterTheLastOneTimeTearDown(Func`2 target, Object[] arguments, MethodBase metadata)\n   at MobileTests.Tests.__a$_around_TearDown_100663302_w_0(Object[])\n   at MobileTests.Tests.TearDown()\n   at System.RuntimeMethodHandle.InvokeMethod(Object target, Void** arguments, Signature sig, Boolean isConstructor)\n   at System.Reflection.MethodBaseInvoker.InvokeWithNoArgs(Object obj, BindingFlags invokeAttr)\n--NullReferenceException\n   at MobileTests.Tests.__a$_around_TearDown_100663302_o() in /home/runner/work/gui-automation-csharp/gui-automation-csharp/MobileTests/CreateHabit.cs:line 87\n   at MobileTests.Tests.__a$_around_TearDown_100663302_u(Object[])\n   at Allure.Net.Commons.Steps.AllureAbstractStepAspect.WrapSyncVoid(Func`2 target, Object[] args, MethodBase metadata, Lazy`1 stepName, Lazy`1 stepParameters)\n   at InvokeStub_AllureAbstractStepAspect.WrapSyncVoid(Object, Span`1)\n   at System.Reflection.MethodBaseInvoker.InvokeWithManyArgs(Object obj, BindingFlags invokeAttr, Binder binder, Object[] parameters, CultureInfo culture)\n","flaky":false,"newFailed":false,"newBroken":false,"newPassed":false,"retriesCount":0,"retriesStatusChange":false,"beforeStages":[{"name":"Start device and load app.","time":{"start":1761584834435,"stop":1761584834932,"duration":497},"status":"broken","statusMessage":"The newSession command returned an unexpected error. Authorization required","statusTrace":"OpenQA.Selenium.WebDriverException: The newSession command returned an unexpected error. Authorization required\n   at OpenQA.Selenium.WebDriver.UnpackAndThrowOnError(Response errorResponse, String commandToExecute)\n   at OpenQA.Selenium.WebDriver.ExecuteAsync(String driverCommandToExecute, Dictionary`2 parameters)\n   at OpenQA.Selenium.WebDriver.Execute(String driverCommandToExecute, Dictionary`2 parameters)\n   at OpenQA.Selenium.Appium.AppiumDriver.Execute(String driverCommandToExecute, Dictionary`2 parameters)\n   at OpenQA.Selenium.WebDriver.StartSession(ICapabilities capabilities)\n   at OpenQA.Selenium.WebDriver..ctor(ICommandExecutor executor, ICapabilities capabilities)\n   at OpenQA.Selenium.Appium.AppiumDriver..ctor(ICommandExecutor commandExecutor, ICapabilities appiumOptions)\n   at OpenQA.Selenium.Appium.AppiumDriver..ctor(Uri remoteAddress, ICapabilities appiumOptions, TimeSpan commandTimeout, AppiumClientConfig clientConfig)\n   at OpenQA.Selenium.Appium.AppiumDriver..ctor(Uri remoteAddress, ICapabilities appiumOptions, TimeSpan commandTimeout)\n   at OpenQA.Selenium.Appium.AppiumDriver..ctor(Uri remoteAddress, ICapabilities appiumOptions)\n   at OpenQA.Selenium.Appium.Android.AndroidDriver..ctor(Uri remoteAddress, DriverOptions driverOptions)\n   at Helpers.Drivers.Mobile.BrowserstackDriverBuilder.GetDriver() in /home/runner/work/gui-automation-csharp/gui-automation-csharp/Helpers/Drivers/Mobile/BrowserstackDriverBuilder.cs:line 14\n   at Helpers.Drivers.Mobile.MobileDriverManager..ctor() in /home/runner/work/gui-automation-csharp/gui-automation-csharp/Helpers/Drivers/Mobile/MobileDriverManager.cs:line 21\n   at MobileTests.Tests.__a$_around_Setup_100663299_o() in /home/runner/work/gui-automation-csharp/gui-automation-csharp/MobileTests/CreateHabit.cs:line 20\n   at MobileTests.Tests.__a$_around_Setup_100663299_u(Object[])\n   at Allure.Net.Commons.Steps.AllureAbstractStepAspect.WrapSyncVoid(Func`2 target, Object[] args, MethodBase metadata, Lazy`1 stepName, Lazy`1 stepParameters)","steps":[],"attachments":[],"parameters":[],"shouldDisplayMessage":true,"stepsCount":0,"attachmentsCount":0,"hasContent":true,"attachmentStep":false}],"afterStages":[{"name":"Stop appium session.","time":{"start":1761584834936,"stop":1761584834937,"duration":1},"status":"broken","statusMessage":"Object reference not set to an instance of an object.","statusTrace":"System.NullReferenceException: Object reference not set to an instance of an object.\n   at MobileTests.Tests.__a$_around_TearDown_100663302_o() in /home/runner/work/gui-automation-csharp/gui-automation-csharp/MobileTests/CreateHabit.cs:line 87\n   at MobileTests.Tests.__a$_around_TearDown_100663302_u(Object[])\n   at Allure.Net.Commons.Steps.AllureAbstractStepAspect.WrapSyncVoid(Func`2 target, Object[] args, MethodBase metadata, Lazy`1 stepName, Lazy`1 stepParameters)","steps":[],"attachments":[],"parameters":[],"shouldDisplayMessage":true,"stepsCount":0,"attachmentsCount":0,"hasContent":true,"attachmentStep":false}],"labels":[{"name":"thread","value":"NUnit.Fw.NonParallelWorker"},{"name":"host","value":"runnervmwhb2z"},{"name":"language","value":"C#"},{"name":"framework","value":"NUnit"},{"name":"package","value":"MobileTests.Tests"},{"name":"testMethod","value":"CreateYesOrNoHabit"},{"name":"testClass","value":"Tests"},{"name":"parentSuite","value":"MobileTests"},{"name":"suite","value":"MobileTests"},{"name":"subSuite","value":"Tests"},{"name":"resultFormat","value":"allure2"}],"parameters":[],"links":[],"hidden":false,"retry":false,"extra":{"severity":"normal","retries":[],"categories":[{"name":"Test defects","matchedStatuses":[],"flaky":false}],"history":{"statistic":{"failed":0,"broken":3,"skipped":0,"passed":2,"unknown":0,"total":5},"items":[{"uid":"8a7b9f8526db074f","reportUrl":"https://sebasonti.github.io/gui-automation-csharp/12//#testresult/8a7b9f8526db074f","status":"broken","statusDetails":"OpenQA.Selenium.WebDriverException : Invalid username or password\nTearDown : System.NullReferenceException : Object reference not set to an instance of an object.","time":{"start":1715008580730,"stop":1715008581215,"duration":485}},{"uid":"38105a3203845d79","reportUrl":"https://sebasonti.github.io/gui-automation-csharp/11//#testresult/38105a3203845d79","status":"broken","statusDetails":"OpenQA.Selenium.WebDriverException : Invalid username or password\nTearDown : System.NullReferenceException : Object reference not set to an instance of an object.","time":{"start":1715008316473,"stop":1715008317186,"duration":713}},{"uid":"861937a70270e78e","reportUrl":"https://sebasonti.github.io/gui-automation-csharp/8//#testresult/861937a70270e78e","status":"passed","time":{"start":1714844262122,"stop":1714844338650,"duration":76528}},{"uid":"471bed0a98d6d96d","reportUrl":"https://sebasonti.github.io/gui-automation-csharp/7//#testresult/471bed0a98d6d96d","status":"passed","time":{"start":1714843413791,"stop":1714843502469,"duration":88678}}]},"tags":[]},"source":"b8beb2b1494ec368.json","parameterValues":[]}